
  ✗ control-96hrs-AEL-10: 404 Client Error: Not Found for url: https://neuromorpho.org/dableFiles/jan/Source-Version/control-96hrs-AEL-10.swc

  ✗ Vps50KOKO-1-day-7a: 404 Client Error: Not Found for url: https://neuromorpho.org/dableFiles/jan/Source-Version/Vps50KOKO-1-day-7a.swc

  ✗ Vps54KO_KO-96hrs-AEL-2: 404 Client Error: Not Found for url: https://neuromorpho.org/dableFiles/jan/Source-Version/Vps54KO_KO-96hrs-AEL-2.swc

  ✗ control-96hrs-AEL-8: 404 Client Error: Not Found for url: https://neuromorpho.org/dableFiles/jan/Source-Version/control-96hrs-AEL-8.swc

  ✗ Vps50KO_KO-96hrs-AEL-3: 404 Client Error: Not Found for url: https://neuromorpho.org/dableFiles/jan/Source-Version/Vps50KO_KO-96hrs-AEL-3.swc

  ✗ Vps54KO_KO-1-day-8: 404 Client Error: Not Found for url: https://neuromorpho.org/dableFiles/jan/Source-Version/Vps54KO_KO-1-day-8.swc

  ✗ control-96hrs-AEL-2: 404 Client Error: Not Found for url: https://neuromorpho.org/dableFiles/jan/Source-Version/control-96hrs-AEL-2.swc

  ✗ Vps54KO_KO-1-day-4: 404 Client Error: Not Found for url: https://neuromorpho.org/dableFiles/jan/Source-Version/Vps54KO_KO-1-day-4.swc

  ✗ Vps50KO_KO-96hrs-AEL-5: 404 Client Error: Not Found for url: https://neuromorpho.org/dableFiles/jan/Source-Version/Vps50KO_KO-96hrs-AEL-5.swc

  ✗ control-96hrs-AEL-1: 404 Client Error: Not Found for url: https://neuromorpho.org/dableFiles/jan/Source-Version/control-96hrs-AEL-1.swc

  ✗ Vps54KO_KO-96hrs-AEL-8: 404 Client Error: Not Found for url: https://neuromorpho.org/dableFiles/jan/Source-Version/Vps54KO_KO-96hrs-AEL-8.swc

  ✗ Vps54KO_KO-96hrs-AEL-1: 404 Client Error: Not Found for url: https://neuromorpho.org/dableFiles/jan/Source-Version/Vps54KO_KO-96hrs-AEL-1.swc

  ✗ Vps54KO_KO-96hrs-AEL-3: 404 Client Error: Not Found for url: https://neuromorpho.org/dableFiles/jan/Source-Version/Vps54KO_KO-96hrs-AEL-3.swc

  ✗ control-96hrs-AEL-9: 404 Client Error: Not Found for url: https://neuromorpho.org/dableFiles/jan/Source-Version/control-96hrs-AEL-9.swc

  ✗ control-96hrs-AEL-6: 404 Client Error: Not Found for url: https://neuromorpho.org/dableFiles/jan/Source-Version/control-96hrs-AEL-6.swc

  ✗ Vps50KO_KO-96hrs-AEL-8: 404 Client Error: Not Found for url: https://neuromorpho.org/dableFiles/jan/Source-Version/Vps50KO_KO-96hrs-AEL-8.swc

  ✗ Vps50KO_KO-96hrs-AEL-7: 404 Client Error: Not Found for url: https://neuromorpho.org/dableFiles/jan/Source-Version/Vps50KO_KO-96hrs-AEL-7.swc

  ✗ Vps50KO_KO-1-day-3: 404 Client Error: Not Found for url: https://neuromorpho.org/dableFiles/jan/Source-Version/Vps50KO_KO-1-day-3.swc

  ✗ Vps50KO_KO-1-day-10: 404 Client Error: Not Found for url: https://neuromorpho.org/dableFiles/jan/Source-Version/Vps50KO_KO-1-day-10.swc

✓ SWC files → swc/drg/
