Available neuron fields:
  neuron_id
  neuron_name
  archive
  age_scale
  gender
  reference_pmid
  reference_doi
  note
  age_classification
  brain_region
  cell_type
  species
  strain
  scientific_name
  stain
  experiment_condition
  protocol
  slicing_direction
  reconstruction_software
  objective_type
  original_format
  domain
  attributes
  magnification
  upload_date
  deposition_date
  shrinkage_reported
  shrinkage_corrected
  reported_value
  reported_xy
  reported_z
  corrected_value
  corrected_xy
  corrected_z
  soma_surface
  surface
  volume
  slicing_thickness
  min_age
  max_age
  min_weight
  max_weight
  png_url
  Physical_Integrity
