Mon Jun  1 04:08:56 UTC 2026
CURRENT PROJECT STRUCTURE
.
в”њв”Ђв”Ђ data
в”њв”Ђв”Ђ deliverables
в”‚В В  в””в”Ђв”Ђ week1
в”њв”Ђв”Ђ external
в”‚В В  в”њв”Ђв”Ђ SDHmodel
в”‚В В  в””в”Ђв”Ђ __MACOSX
в”њв”Ђв”Ђ figures
в”‚В В  в”њв”Ђв”Ђ 01_ball_stick_AP_demo.png
в”‚В В  в”њв”Ђв”Ђ 02_DRG_normal_vs_neuropathic.png
в”‚В В  в”њв”Ђв”Ђ 03_SDH_normal_vs_neuropathic_output.png
в”‚В В  в””в”Ђв”Ђ modeldb2018004_AP_parameters_PENDING_fallback.png
в”њв”Ђв”Ђ hoc
в”њв”Ђв”Ђ logs
в”‚В В  в”њв”Ђв”Ђ 01_ball_stick_ap_demo.log
в”‚В В  в”њв”Ђв”Ђ 02_DRG_normal_vs_neuropathic.log
в”‚В В  в”њв”Ђв”Ђ 03_SDH_normal_vs_neuropathic.log
в”‚В В  в”њв”Ђв”Ђ 07_DRG_AP_parameters_fallback.log
в”‚В В  в”њв”Ђв”Ђ 08_make_neuromorpho_week1_table.log
в”‚В В  в”њв”Ђв”Ђ count_dorsal_horn.log
в”‚В В  в”њв”Ђв”Ђ download_dorsal_horn.log
в”‚В В  в”њв”Ђв”Ђ download_dorsal_horn_mouse.log
в”‚В В  в”њв”Ђв”Ђ download_dorsal_horn_rat.log
в”‚В В  в”њв”Ђв”Ђ download_drg_all.log
в”‚В В  в”њв”Ђв”Ђ download_drg_swc.log
в”‚В В  в”њв”Ђв”Ђ download_mouse_sensory.log
в”‚В В  в”њв”Ђв”Ђ download_neuromorpho_full.log
в”‚В В  в”њв”Ђв”Ђ download_pain_regions.log
в”‚В В  в”њв”Ђв”Ђ download_rat_all.log
в”‚В В  в”њв”Ђв”Ђ download_rat_sensory.log
в”‚В В  в”њв”Ђв”Ђ download_rat_spinal.log
в”‚В В  в”њв”Ђв”Ђ download_sdh_all.log
в”‚В В  в”њв”Ђв”Ђ download_sdh_swc.log
в”‚В В  в”њв”Ђв”Ђ download_swc_dorsal_horn_strict_source.log
в”‚В В  в”њв”Ђв”Ђ download_swc_top10.log
в”‚В В  в”њв”Ђв”Ђ fields.log
в”‚В В  в”њв”Ђв”Ђ filter_dorsal_horn.log
в”‚В В  в”њв”Ђв”Ђ github_logs
в”‚В В  в”њв”Ђв”Ђ inspect_dorsal_horn_all.log
в”‚В В  в”њв”Ђв”Ђ neuromorpho_fields.log
в”‚В В  в””в”Ђв”Ђ week1_today_start.log
в”њв”Ђв”Ђ metadata
в”‚В В  в”њв”Ђв”Ђ dorsal_horn_all.csv
в”‚В В  в”њв”Ђв”Ђ drg_all.csv
в”‚В В  в”њв”Ђв”Ђ neuromorpho_full_all_neurons.csv
в”‚В В  в”њв”Ђв”Ђ rat_all.csv
в”‚В В  в””в”Ђв”Ђ sdh_all.csv
в”њв”Ђв”Ђ mod
в”њв”Ђв”Ђ modeldb
в”‚В В  в””в”Ђв”Ђ 267056
в”њв”Ђв”Ђ notes
в”‚В В  в””в”Ђв”Ђ ONE_HOUR_COMPUTATIONAL_SUMMARY.md
в”њв”Ђв”Ђ pain_neuron_env
в”‚В В  в”њв”Ђв”Ђ bin
в”‚В В  в”њв”Ђв”Ђ include
в”‚В В  в”њв”Ђв”Ђ lib
в”‚В В  в”њв”Ђв”Ђ lib64 -> lib
в”‚В В  в”њв”Ђв”Ђ pyvenv.cfg
в”‚В В  в””в”Ђв”Ђ share
в”њв”Ђв”Ђ python
в”‚В В  в”њв”Ђв”Ђ 01_ball_stick_ap_demo.py
в”‚В В  в”њв”Ђв”Ђ 01_ball_stick_ap_demo.py.save
в”‚В В  в”њв”Ђв”Ђ 02_DRG_normal_vs_neuropathic.py
в”‚В В  в”њв”Ђв”Ђ 03_SDH_normal_vs_neuropathic_output.py
в”‚В В  в”њв”Ђв”Ђ 04_make_1hr_summary.py
в”‚В В  в”њв”Ђв”Ђ 07_DRG_AP_parameters_fallback.py
в”‚В В  в””в”Ђв”Ђ 08_make_neuromorpho_week1_table.py
в”њв”Ђв”Ђ results
в”‚В В  в”њв”Ђв”Ђ 02_DRG_normal_vs_neuropathic_metrics.csv
в”‚В В  в”њв”Ђв”Ђ 02_DRG_normal_vs_neuropathic_trace.csv
в”‚В В  в”њв”Ђв”Ђ 03_SDH_normal_vs_neuropathic_metrics.csv
в”‚В В  в”њв”Ђв”Ђ 03_SDH_normal_vs_neuropathic_trace.csv
в”‚В В  в”њв”Ђв”Ђ ball_stick_ap_metrics.txt
в”‚В В  в”њв”Ђв”Ђ ball_stick_ap_trace.csv
в”‚В В  в”њв”Ђв”Ђ modeldb2018004_AP_parameters_PENDING_fallback.csv
в”‚В В  в”њв”Ђв”Ђ modeldb_267056
в”‚В В  в””в”Ђв”Ђ neuromorpho_week1_table.csv
в”њв”Ђв”Ђ scripts
в”‚В В  в”њв”Ђв”Ђ __pycache__
в”‚В В  в”њв”Ђв”Ђ download_swc_from_csv.py
в”‚В В  в”њв”Ђв”Ђ filter_rank_neurons.py
в”‚В В  в”њв”Ђв”Ђ filter_rank_neurons_old.py
в”‚В В  в”њв”Ђв”Ђ inspect_csv.py
в”‚В В  в””в”Ђв”Ђ neuromorpho_downloader.py
в”њв”Ђв”Ђ selected
в”‚В В  в”њв”Ђв”Ђ dorsal_horn_STRICT_spinal_only.csv
в”‚В В  в”њв”Ђв”Ђ dorsal_horn_ranked.csv
в”‚В В  в”њв”Ђв”Ђ drg_selected.csv
в”‚В В  в””в”Ђв”Ђ sdh_selected.csv
в””в”Ђв”Ђ swc
    в”њв”Ђв”Ђ dorsal_horn
    в”њв”Ђв”Ђ dorsal_horn_strict
    в”њв”Ђв”Ђ drg
    в”њв”Ђв”Ђ drg_mammal
    в”њв”Ђв”Ђ sdh
    в””в”Ђв”Ђ sdh_candidate

35 directories, 61 files
CURRENT KEY OUTPUTS
figures/01_ball_stick_AP_demo.png
figures/02_DRG_normal_vs_neuropathic.png
figures/03_SDH_normal_vs_neuropathic_output.png
figures/modeldb2018004_AP_parameters_PENDING_fallback.png
metadata/dorsal_horn_all.csv
metadata/drg_all.csv
metadata/neuromorpho_full_all_neurons.csv
metadata/rat_all.csv
metadata/sdh_all.csv
notes/ONE_HOUR_COMPUTATIONAL_SUMMARY.md
results/02_DRG_normal_vs_neuropathic_metrics.csv
results/02_DRG_normal_vs_neuropathic_trace.csv
results/03_SDH_normal_vs_neuropathic_metrics.csv
results/03_SDH_normal_vs_neuropathic_trace.csv
results/ball_stick_ap_metrics.txt
results/ball_stick_ap_trace.csv
results/modeldb2018004_AP_parameters_PENDING_fallback.csv
results/modeldb_267056/100mN_data.json
results/modeldb_267056/100mN_plot_conn_pop_weight_matrix.png
results/modeldb_267056/100mN_raster.png
results/modeldb_267056/run_summary.txt
results/neuromorpho_week1_table.csv
selected/dorsal_horn_STRICT_spinal_only.csv
selected/dorsal_horn_ranked.csv
selected/drg_selected.csv
selected/sdh_selected.csv
